<?xml version="1.0" encoding="UTF-8"?>
<!-- Generated by org.testng.reporters.JUnitReportReporter -->
<testsuite skipped="0" hostname="ADMIN" name="com.w2a.apitestcases.CreateCustomerTest" tests="1" failures="0" timestamp="2020-03-02T22:39:44 IST" time="2.873" errors="0">
  <testcase name="validateCreateTestWithValidApiSecretKey" time="2.873" classname="com.w2a.apitestcases.CreateCustomerTest"/>
</testsuite> <!-- com.w2a.apitestcases.CreateCustomerTest -->
